<?xml version="1.0" encoding="UTF-8"?>
<!-- Generated by org.testng.reporters.JUnitXMLReporter -->
<testsuite hostname="LAPTOP-G9KVTKRI" ignored="0" name="Default test" tests="5" failures="1" timestamp="24 Feb 2021 20:47:09 GMT" time="53.943" errors="0">
  <testcase name="runScenario" time="10.901" classname="io.cucumber.testng.AbstractTestNGCucumberTests"/>
  <testcase name="runScenario" time="11.419" classname="io.cucumber.testng.AbstractTestNGCucumberTests"/>
  <testcase name="runScenario" time="8.967" classname="io.cucumber.testng.AbstractTestNGCucumberTests"/>
  <testcase name="runScenario" time="7.917" classname="io.cucumber.testng.AbstractTestNGCucumberTests">
    <skipped/>
  </testcase> <!-- runScenario -->
  <testcase name="runScenario" time="13.909" classname="io.cucumber.testng.AbstractTestNGCucumberTests">
    <failure type="java.lang.AssertionError" message="expected [BMW 1 Series] but found [Bmw 1 Series Under 40000 for Sale Central Coast NSW | carsguide]">
      <![CDATA[java.lang.AssertionError: expected [BMW 1 Series] but found [Bmw 1 Series Under 40000 for Sale Central Coast NSW | carsguide]
at org.testng.Assert.fail(Assert.java:96)
at org.testng.Assert.failNotEquals(Assert.java:776)
at org.testng.Assert.assertEqualsImpl(Assert.java:137)
at org.testng.Assert.assertEquals(Assert.java:118)
at org.testng.Assert.assertEquals(Assert.java:453)
at org.testng.Assert.assertEquals(Assert.java:463)
at stepDefinations.SearchCarsStepDef.the_page_title_should_be(SearchCarsStepDef.java:101)
at âœ½.the page title should be "BMW 1 Series"(file:///D:/selenium/CarGuideProject/src/test/resources/features/SearchCars.feature:20)
]]>
    </failure>
  </testcase> <!-- runScenario -->
</testsuite> <!-- Default test -->
